<?xml version="1.0" encoding="utf-8"?>
<CoverageSession>
  <Summary numSequencePoints="37" visitedSequencePoints="12" numBranchPoints="2" visitedBranchPoints="2" sequenceCoverage="32.43" branchCoverage="100" maxCyclomaticComplexity="15" minCyclomaticComplexity="15" visitedClasses="1" numClasses="3" visitedMethods="5" numMethods="14" />
  <Modules>
    <Module hash="9642C584-0A16-47DF-BB04-DB8428D49222">
      <ModulePath>ArgumentMarshalerLib.dll</ModulePath>
      <ModuleTime>2020-06-18T11:03:21</ModuleTime>
      <ModuleName>ArgumentMarshalerLib</ModuleName>
      <Files>
        <File uid="1" fullPath="C:\Users\lwnwim8\Documents\GitHub\argumentreader\ArgumentMarshalerLib\ArgumentMarshaler.cs" />
        <File uid="2" fullPath="C:\Users\lwnwim8\Documents\GitHub\argumentreader\ArgumentMarshalerLib\ArgumentsException.cs" />
        <File uid="3" fullPath="C:\Users\lwnwim8\Documents\GitHub\argumentreader\ArgumentMarshalerLib\Iterator.cs" />
      </Files>
      <Classes>
        <Class>
          <Summary numSequencePoints="1" visitedSequencePoints="0" numBranchPoints="0" visitedBranchPoints="0" sequenceCoverage="0" branchCoverage="100" maxCyclomaticComplexity="1" minCyclomaticComplexity="1" visitedClasses="0" numClasses="1" visitedMethods="0" numMethods="1" />
          <FullName>ArgumentMarshalerLib.ArgumentMarshaler</FullName>
          <Methods>
            <Method cyclomaticComplexity="1" nPathComplexity="0" sequenceCoverage="0" branchCoverage="100" isConstructor="False" isGetter="True" isSetter="False" isStatic="True">
              <Summary numSequencePoints="1" visitedSequencePoints="0" numBranchPoints="0" visitedBranchPoints="0" sequenceCoverage="0" branchCoverage="100" maxCyclomaticComplexity="1" minCyclomaticComplexity="1" visitedClasses="0" numClasses="0" visitedMethods="0" numMethods="1" />
              <MetadataToken />
              <Name>System.Object ArgumentMarshalerLib.ArgumentMarshaler::get_Value()</Name>
              <FileRef uid="1" />
              <SequencePoints>
                <SequencePoint vc="0" uspid="11" ordinal="0" sl="11" sc="1" el="11" ec="2" bec="0" bev="0" fileid="1" />
              </SequencePoints>
              <BranchPoints />
              <MethodPoint vc="0" uspid="0" p8:type="SequencePoint" ordinal="0" offset="0" sc="0" sl="11" ec="1" el="11" bec="0" bev="0" fileid="1" xmlns:p8="xsi" />
            </Method>
          </Methods>
        </Class>
        <Class>
          <Summary numSequencePoints="24" visitedSequencePoints="0" numBranchPoints="0" visitedBranchPoints="0" sequenceCoverage="0" branchCoverage="100" maxCyclomaticComplexity="1" minCyclomaticComplexity="1" visitedClasses="0" numClasses="1" visitedMethods="0" numMethods="8" />
          <FullName>ArgumentMarshalerLib.ArgumentsException</FullName>
          <Methods>
            <Method cyclomaticComplexity="1" nPathComplexity="0" sequenceCoverage="0" branchCoverage="100" isConstructor="False" isGetter="True" isSetter="False" isStatic="True">
              <Summary numSequencePoints="1" visitedSequencePoints="0" numBranchPoints="0" visitedBranchPoints="0" sequenceCoverage="0" branchCoverage="100" maxCyclomaticComplexity="1" minCyclomaticComplexity="1" visitedClasses="0" numClasses="0" visitedMethods="0" numMethods="1" />
              <MetadataToken />
              <Name>System.String ArgumentMarshalerLib.ArgumentsException::get_ErrorArgumentId()</Name>
              <FileRef uid="2" />
              <SequencePoints>
                <SequencePoint vc="0" uspid="47" ordinal="0" sl="47" sc="1" el="47" ec="2" bec="0" bev="0" fileid="2" />
              </SequencePoints>
              <BranchPoints />
              <MethodPoint vc="0" uspid="0" p8:type="SequencePoint" ordinal="0" offset="0" sc="0" sl="47" ec="1" el="47" bec="0" bev="0" fileid="2" xmlns:p8="xsi" />
            </Method>
            <Method cyclomaticComplexity="1" nPathComplexity="0" sequenceCoverage="0" branchCoverage="100" isConstructor="False" isGetter="True" isSetter="False" isStatic="True">
              <Summary numSequencePoints="1" visitedSequencePoints="0" numBranchPoints="0" visitedBranchPoints="0" sequenceCoverage="0" branchCoverage="100" maxCyclomaticComplexity="1" minCyclomaticComplexity="1" visitedClasses="0" numClasses="0" visitedMethods="0" numMethods="1" />
              <MetadataToken />
              <Name>System.String ArgumentMarshalerLib.ArgumentsException::get_ErrorParameter()</Name>
              <FileRef uid="2" />
              <SequencePoints>
                <SequencePoint vc="0" uspid="48" ordinal="0" sl="48" sc="1" el="48" ec="2" bec="0" bev="0" fileid="2" />
              </SequencePoints>
              <BranchPoints />
              <MethodPoint vc="0" uspid="0" p8:type="SequencePoint" ordinal="1" offset="1" sc="0" sl="48" ec="1" el="48" bec="0" bev="0" fileid="2" xmlns:p8="xsi" />
            </Method>
            <Method cyclomaticComplexity="1" nPathComplexity="0" sequenceCoverage="0" branchCoverage="100" isConstructor="False" isGetter="True" isSetter="False" isStatic="True">
              <Summary numSequencePoints="1" visitedSequencePoints="0" numBranchPoints="0" visitedBranchPoints="0" sequenceCoverage="0" branchCoverage="100" maxCyclomaticComplexity="1" minCyclomaticComplexity="1" visitedClasses="0" numClasses="0" visitedMethods="0" numMethods="1" />
              <MetadataToken />
              <Name>ArgumentMarshalerLib.ErrorCode ArgumentMarshalerLib.ArgumentsException::get_ErrorCode()</Name>
              <FileRef uid="2" />
              <SequencePoints>
                <SequencePoint vc="0" uspid="49" ordinal="0" sl="49" sc="1" el="49" ec="2" bec="0" bev="0" fileid="2" />
              </SequencePoints>
              <BranchPoints />
              <MethodPoint vc="0" uspid="0" p8:type="SequencePoint" ordinal="2" offset="2" sc="0" sl="49" ec="1" el="49" bec="0" bev="0" fileid="2" xmlns:p8="xsi" />
            </Method>
            <Method cyclomaticComplexity="1" nPathComplexity="0" sequenceCoverage="0" branchCoverage="100" isConstructor="True" isGetter="False" isSetter="False" isStatic="True">
              <Summary numSequencePoints="3" visitedSequencePoints="0" numBranchPoints="0" visitedBranchPoints="0" sequenceCoverage="0" branchCoverage="100" maxCyclomaticComplexity="1" minCyclomaticComplexity="1" visitedClasses="0" numClasses="0" visitedMethods="0" numMethods="1" />
              <MetadataToken />
              <Name>System.Void ArgumentMarshalerLib.ArgumentsException::.ctor()</Name>
              <FileRef uid="2" />
              <SequencePoints>
                <SequencePoint vc="0" uspid="19" ordinal="0" sl="19" sc="1" el="19" ec="2" bec="0" bev="0" fileid="2" />
                <SequencePoint vc="0" uspid="20" ordinal="1" sl="20" sc="1" el="20" ec="2" bec="0" bev="0" fileid="2" />
                <SequencePoint vc="0" uspid="22" ordinal="2" sl="22" sc="1" el="22" ec="2" bec="0" bev="0" fileid="2" />
              </SequencePoints>
              <BranchPoints />
              <MethodPoint vc="0" uspid="0" p8:type="SequencePoint" ordinal="3" offset="3" sc="0" sl="19" ec="1" el="22" bec="0" bev="0" fileid="2" xmlns:p8="xsi" />
            </Method>
            <Method cyclomaticComplexity="1" nPathComplexity="0" sequenceCoverage="0" branchCoverage="100" isConstructor="True" isGetter="False" isSetter="False" isStatic="True">
              <Summary numSequencePoints="3" visitedSequencePoints="0" numBranchPoints="0" visitedBranchPoints="0" sequenceCoverage="0" branchCoverage="100" maxCyclomaticComplexity="1" minCyclomaticComplexity="1" visitedClasses="0" numClasses="0" visitedMethods="0" numMethods="1" />
              <MetadataToken />
              <Name>System.Void ArgumentMarshalerLib.ArgumentsException::.ctor(System.String)</Name>
              <FileRef uid="2" />
              <SequencePoints>
                <SequencePoint vc="0" uspid="24" ordinal="0" sl="24" sc="1" el="24" ec="2" bec="0" bev="0" fileid="2" />
                <SequencePoint vc="0" uspid="25" ordinal="1" sl="25" sc="1" el="25" ec="2" bec="0" bev="0" fileid="2" />
                <SequencePoint vc="0" uspid="27" ordinal="2" sl="27" sc="1" el="27" ec="2" bec="0" bev="0" fileid="2" />
              </SequencePoints>
              <BranchPoints />
              <MethodPoint vc="0" uspid="0" p8:type="SequencePoint" ordinal="4" offset="4" sc="0" sl="24" ec="1" el="27" bec="0" bev="0" fileid="2" xmlns:p8="xsi" />
            </Method>
            <Method cyclomaticComplexity="1" nPathComplexity="0" sequenceCoverage="0" branchCoverage="100" isConstructor="True" isGetter="False" isSetter="False" isStatic="True">
              <Summary numSequencePoints="4" visitedSequencePoints="0" numBranchPoints="0" visitedBranchPoints="0" sequenceCoverage="0" branchCoverage="100" maxCyclomaticComplexity="1" minCyclomaticComplexity="1" visitedClasses="0" numClasses="0" visitedMethods="0" numMethods="1" />
              <MetadataToken />
              <Name>System.Void ArgumentMarshalerLib.ArgumentsException::.ctor(ArgumentMarshalerLib.ErrorCode)</Name>
              <FileRef uid="2" />
              <SequencePoints>
                <SequencePoint vc="0" uspid="29" ordinal="0" sl="29" sc="1" el="29" ec="2" bec="0" bev="0" fileid="2" />
                <SequencePoint vc="0" uspid="30" ordinal="1" sl="30" sc="1" el="30" ec="2" bec="0" bev="0" fileid="2" />
                <SequencePoint vc="0" uspid="31" ordinal="2" sl="31" sc="1" el="31" ec="2" bec="0" bev="0" fileid="2" />
                <SequencePoint vc="0" uspid="32" ordinal="3" sl="32" sc="1" el="32" ec="2" bec="0" bev="0" fileid="2" />
              </SequencePoints>
              <BranchPoints />
              <MethodPoint vc="0" uspid="0" p8:type="SequencePoint" ordinal="5" offset="5" sc="0" sl="29" ec="1" el="32" bec="0" bev="0" fileid="2" xmlns:p8="xsi" />
            </Method>
            <Method cyclomaticComplexity="1" nPathComplexity="0" sequenceCoverage="0" branchCoverage="100" isConstructor="True" isGetter="False" isSetter="False" isStatic="True">
              <Summary numSequencePoints="5" visitedSequencePoints="0" numBranchPoints="0" visitedBranchPoints="0" sequenceCoverage="0" branchCoverage="100" maxCyclomaticComplexity="1" minCyclomaticComplexity="1" visitedClasses="0" numClasses="0" visitedMethods="0" numMethods="1" />
              <MetadataToken />
              <Name>System.Void ArgumentMarshalerLib.ArgumentsException::.ctor(ArgumentMarshalerLib.ErrorCode,System.String)</Name>
              <FileRef uid="2" />
              <SequencePoints>
                <SequencePoint vc="0" uspid="34" ordinal="0" sl="34" sc="1" el="34" ec="2" bec="0" bev="0" fileid="2" />
                <SequencePoint vc="0" uspid="35" ordinal="1" sl="35" sc="1" el="35" ec="2" bec="0" bev="0" fileid="2" />
                <SequencePoint vc="0" uspid="36" ordinal="2" sl="36" sc="1" el="36" ec="2" bec="0" bev="0" fileid="2" />
                <SequencePoint vc="0" uspid="37" ordinal="3" sl="37" sc="1" el="37" ec="2" bec="0" bev="0" fileid="2" />
                <SequencePoint vc="0" uspid="38" ordinal="4" sl="38" sc="1" el="38" ec="2" bec="0" bev="0" fileid="2" />
              </SequencePoints>
              <BranchPoints />
              <MethodPoint vc="0" uspid="0" p8:type="SequencePoint" ordinal="6" offset="6" sc="0" sl="34" ec="1" el="38" bec="0" bev="0" fileid="2" xmlns:p8="xsi" />
            </Method>
            <Method cyclomaticComplexity="1" nPathComplexity="0" sequenceCoverage="0" branchCoverage="100" isConstructor="True" isGetter="False" isSetter="False" isStatic="True">
              <Summary numSequencePoints="6" visitedSequencePoints="0" numBranchPoints="0" visitedBranchPoints="0" sequenceCoverage="0" branchCoverage="100" maxCyclomaticComplexity="1" minCyclomaticComplexity="1" visitedClasses="0" numClasses="0" visitedMethods="0" numMethods="1" />
              <MetadataToken />
              <Name>System.Void ArgumentMarshalerLib.ArgumentsException::.ctor(ArgumentMarshalerLib.ErrorCode,System.String,System.String)</Name>
              <FileRef uid="2" />
              <SequencePoints>
                <SequencePoint vc="0" uspid="40" ordinal="0" sl="40" sc="1" el="40" ec="2" bec="0" bev="0" fileid="2" />
                <SequencePoint vc="0" uspid="41" ordinal="1" sl="41" sc="1" el="41" ec="2" bec="0" bev="0" fileid="2" />
                <SequencePoint vc="0" uspid="42" ordinal="2" sl="42" sc="1" el="42" ec="2" bec="0" bev="0" fileid="2" />
                <SequencePoint vc="0" uspid="43" ordinal="3" sl="43" sc="1" el="43" ec="2" bec="0" bev="0" fileid="2" />
                <SequencePoint vc="0" uspid="44" ordinal="4" sl="44" sc="1" el="44" ec="2" bec="0" bev="0" fileid="2" />
                <SequencePoint vc="0" uspid="45" ordinal="5" sl="45" sc="1" el="45" ec="2" bec="0" bev="0" fileid="2" />
              </SequencePoints>
              <BranchPoints />
              <MethodPoint vc="0" uspid="0" p8:type="SequencePoint" ordinal="7" offset="7" sc="0" sl="40" ec="1" el="45" bec="0" bev="0" fileid="2" xmlns:p8="xsi" />
            </Method>
          </Methods>
        </Class>
        <Class>
          <Summary numSequencePoints="12" visitedSequencePoints="12" numBranchPoints="2" visitedBranchPoints="2" sequenceCoverage="100" branchCoverage="100" maxCyclomaticComplexity="2" minCyclomaticComplexity="1" visitedClasses="1" numClasses="1" visitedMethods="5" numMethods="5" />
          <FullName>ArgumentMarshalerLib.Iterator`1</FullName>
          <Methods>
            <Method cyclomaticComplexity="1" nPathComplexity="0" sequenceCoverage="100" branchCoverage="100" isConstructor="False" isGetter="True" isSetter="False" isStatic="True">
              <Summary numSequencePoints="1" visitedSequencePoints="1" numBranchPoints="0" visitedBranchPoints="0" sequenceCoverage="100" branchCoverage="100" maxCyclomaticComplexity="1" minCyclomaticComplexity="1" visitedClasses="0" numClasses="0" visitedMethods="1" numMethods="1" />
              <MetadataToken />
              <Name>T ArgumentMarshalerLib.Iterator`1::get_Current()</Name>
              <FileRef uid="3" />
              <SequencePoints>
                <SequencePoint vc="5" uspid="16" ordinal="0" sl="16" sc="1" el="16" ec="2" bec="0" bev="0" fileid="3" />
              </SequencePoints>
              <BranchPoints />
              <MethodPoint vc="1" uspid="0" p8:type="SequencePoint" ordinal="0" offset="0" sc="0" sl="16" ec="1" el="16" bec="0" bev="0" fileid="3" xmlns:p8="xsi" />
            </Method>
            <Method cyclomaticComplexity="1" nPathComplexity="0" sequenceCoverage="100" branchCoverage="100" isConstructor="False" isGetter="True" isSetter="False" isStatic="True">
              <Summary numSequencePoints="1" visitedSequencePoints="1" numBranchPoints="0" visitedBranchPoints="0" sequenceCoverage="100" branchCoverage="100" maxCyclomaticComplexity="1" minCyclomaticComplexity="1" visitedClasses="0" numClasses="0" visitedMethods="1" numMethods="1" />
              <MetadataToken />
              <Name>System.Boolean ArgumentMarshalerLib.Iterator`1::get_HasNext()</Name>
              <FileRef uid="3" />
              <SequencePoints>
                <SequencePoint vc="2" uspid="18" ordinal="0" sl="18" sc="1" el="18" ec="2" bec="0" bev="0" fileid="3" />
              </SequencePoints>
              <BranchPoints />
              <MethodPoint vc="1" uspid="0" p8:type="SequencePoint" ordinal="1" offset="1" sc="0" sl="18" ec="1" el="18" bec="0" bev="0" fileid="3" xmlns:p8="xsi" />
            </Method>
            <Method cyclomaticComplexity="1" nPathComplexity="0" sequenceCoverage="100" branchCoverage="100" isConstructor="False" isGetter="False" isSetter="False" isStatic="True">
              <Summary numSequencePoints="3" visitedSequencePoints="3" numBranchPoints="0" visitedBranchPoints="0" sequenceCoverage="100" branchCoverage="100" maxCyclomaticComplexity="1" minCyclomaticComplexity="1" visitedClasses="0" numClasses="0" visitedMethods="1" numMethods="1" />
              <MetadataToken />
              <Name>T ArgumentMarshalerLib.Iterator`1::Next()</Name>
              <FileRef uid="3" />
              <SequencePoints>
                <SequencePoint vc="14" uspid="21" ordinal="0" sl="21" sc="1" el="21" ec="2" bec="0" bev="0" fileid="3" />
                <SequencePoint vc="14" uspid="22" ordinal="1" sl="22" sc="1" el="22" ec="2" bec="0" bev="0" fileid="3" />
                <SequencePoint vc="13" uspid="23" ordinal="2" sl="23" sc="1" el="23" ec="2" bec="0" bev="0" fileid="3" />
              </SequencePoints>
              <BranchPoints />
              <MethodPoint vc="3" uspid="0" p8:type="SequencePoint" ordinal="2" offset="2" sc="0" sl="21" ec="1" el="23" bec="0" bev="0" fileid="3" xmlns:p8="xsi" />
            </Method>
            <Method cyclomaticComplexity="1" nPathComplexity="0" sequenceCoverage="100" branchCoverage="100" isConstructor="False" isGetter="False" isSetter="False" isStatic="True">
              <Summary numSequencePoints="3" visitedSequencePoints="3" numBranchPoints="0" visitedBranchPoints="0" sequenceCoverage="100" branchCoverage="100" maxCyclomaticComplexity="1" minCyclomaticComplexity="1" visitedClasses="0" numClasses="0" visitedMethods="1" numMethods="1" />
              <MetadataToken />
              <Name>T ArgumentMarshalerLib.Iterator`1::Previous()</Name>
              <FileRef uid="3" />
              <SequencePoints>
                <SequencePoint vc="2" uspid="26" ordinal="0" sl="26" sc="1" el="26" ec="2" bec="0" bev="0" fileid="3" />
                <SequencePoint vc="2" uspid="27" ordinal="1" sl="27" sc="1" el="27" ec="2" bec="0" bev="0" fileid="3" />
                <SequencePoint vc="1" uspid="28" ordinal="2" sl="28" sc="1" el="28" ec="2" bec="0" bev="0" fileid="3" />
              </SequencePoints>
              <BranchPoints />
              <MethodPoint vc="3" uspid="0" p8:type="SequencePoint" ordinal="3" offset="3" sc="0" sl="26" ec="1" el="28" bec="0" bev="0" fileid="3" xmlns:p8="xsi" />
            </Method>
            <Method cyclomaticComplexity="2" nPathComplexity="0" sequenceCoverage="100" branchCoverage="100" isConstructor="True" isGetter="False" isSetter="False" isStatic="True">
              <Summary numSequencePoints="4" visitedSequencePoints="4" numBranchPoints="2" visitedBranchPoints="2" sequenceCoverage="100" branchCoverage="100" maxCyclomaticComplexity="2" minCyclomaticComplexity="2" visitedClasses="0" numClasses="0" visitedMethods="1" numMethods="1" />
              <MetadataToken />
              <Name>System.Void ArgumentMarshalerLib.Iterator`1::.ctor(System.Collections.Generic.IList`1&lt;T&gt;)</Name>
              <FileRef uid="3" />
              <SequencePoints>
                <SequencePoint vc="10" uspid="11" ordinal="0" sl="11" sc="1" el="11" ec="2" bec="0" bev="0" fileid="3" />
                <SequencePoint vc="10" uspid="12" ordinal="1" sl="12" sc="1" el="12" ec="2" bec="0" bev="0" fileid="3" />
                <SequencePoint vc="10" uspid="13" ordinal="2" sl="13" sc="1" el="13" ec="2" bec="2" bev="2" fileid="3" />
                <SequencePoint vc="9" uspid="14" ordinal="3" sl="14" sc="1" el="14" ec="2" bec="0" bev="0" fileid="3" />
              </SequencePoints>
              <BranchPoints>
                <BranchPoint vc="1" uspid="13" ordinal="0" path="0" offset="11" offsetend="13" sl="13" fileid="3" />
                <BranchPoint vc="9" uspid="13" ordinal="1" path="1" offset="11" offsetend="20" sl="13" fileid="3" />
              </BranchPoints>
              <MethodPoint vc="4" uspid="0" p8:type="SequencePoint" ordinal="4" offset="4" sc="0" sl="11" ec="1" el="14" bec="0" bev="0" fileid="3" xmlns:p8="xsi" />
            </Method>
          </Methods>
        </Class>
      </Classes>
    </Module>
  </Modules>
</CoverageSession>