<?xml version="1.0" encoding="utf-8"?>
<CoverageSession>
  <Summary numSequencePoints="207" visitedSequencePoints="181" numBranchPoints="63" visitedBranchPoints="47" sequenceCoverage="87.43" branchCoverage="74.6" maxCyclomaticComplexity="69" minCyclomaticComplexity="15" visitedClasses="6" numClasses="6" visitedMethods="30" numMethods="34" />
  <Modules>
    <Module hash="9CAC0016-119B-491C-8666-029B233BCC68">
      <ModulePath>ArgumentMarshalerLib.dll</ModulePath>
      <ModuleTime>2020-06-18T11:03:22</ModuleTime>
      <ModuleName>ArgumentMarshalerLib</ModuleName>
      <Files>
        <File uid="1" fullPath="C:\Users\lwnwim8\Documents\GitHub\argumentreader\ArgumentMarshalerLib\ArgumentMarshaler.cs" />
        <File uid="2" fullPath="C:\Users\lwnwim8\Documents\GitHub\argumentreader\ArgumentMarshalerLib\ArgumentsException.cs" />
        <File uid="3" fullPath="C:\Users\lwnwim8\Documents\GitHub\argumentreader\ArgumentMarshalerLib\Iterator.cs" />
      </Files>
      <Classes>
        <Class>
          <Summary numSequencePoints="1" visitedSequencePoints="1" numBranchPoints="0" visitedBranchPoints="0" sequenceCoverage="100" branchCoverage="100" maxCyclomaticComplexity="1" minCyclomaticComplexity="1" visitedClasses="1" numClasses="1" visitedMethods="1" numMethods="1" />
          <FullName>ArgumentMarshalerLib.ArgumentMarshaler</FullName>
          <Methods>
            <Method cyclomaticComplexity="1" nPathComplexity="0" sequenceCoverage="100" branchCoverage="100" isConstructor="False" isGetter="True" isSetter="False" isStatic="True">
              <Summary numSequencePoints="1" visitedSequencePoints="1" numBranchPoints="0" visitedBranchPoints="0" sequenceCoverage="100" branchCoverage="100" maxCyclomaticComplexity="1" minCyclomaticComplexity="1" visitedClasses="0" numClasses="0" visitedMethods="1" numMethods="1" />
              <MetadataToken />
              <Name>System.Object ArgumentMarshalerLib.ArgumentMarshaler::get_Value()</Name>
              <FileRef uid="1" />
              <SequencePoints>
                <SequencePoint vc="23" uspid="11" ordinal="0" sl="11" sc="1" el="11" ec="2" bec="0" bev="0" fileid="1" />
              </SequencePoints>
              <BranchPoints />
              <MethodPoint vc="1" uspid="0" p8:type="SequencePoint" ordinal="0" offset="0" sc="0" sl="11" ec="1" el="11" bec="0" bev="0" fileid="1" xmlns:p8="xsi" />
            </Method>
          </Methods>
        </Class>
        <Class>
          <Summary numSequencePoints="24" visitedSequencePoints="24" numBranchPoints="0" visitedBranchPoints="0" sequenceCoverage="100" branchCoverage="100" maxCyclomaticComplexity="1" minCyclomaticComplexity="1" visitedClasses="1" numClasses="1" visitedMethods="8" numMethods="8" />
          <FullName>ArgumentMarshalerLib.ArgumentsException</FullName>
          <Methods>
            <Method cyclomaticComplexity="1" nPathComplexity="0" sequenceCoverage="100" branchCoverage="100" isConstructor="False" isGetter="True" isSetter="False" isStatic="True">
              <Summary numSequencePoints="1" visitedSequencePoints="1" numBranchPoints="0" visitedBranchPoints="0" sequenceCoverage="100" branchCoverage="100" maxCyclomaticComplexity="1" minCyclomaticComplexity="1" visitedClasses="0" numClasses="0" visitedMethods="1" numMethods="1" />
              <MetadataToken />
              <Name>System.String ArgumentMarshalerLib.ArgumentsException::get_ErrorArgumentId()</Name>
              <FileRef uid="2" />
              <SequencePoints>
                <SequencePoint vc="3" uspid="47" ordinal="0" sl="47" sc="1" el="47" ec="2" bec="0" bev="0" fileid="2" />
              </SequencePoints>
              <BranchPoints />
              <MethodPoint vc="1" uspid="0" p8:type="SequencePoint" ordinal="0" offset="0" sc="0" sl="47" ec="1" el="47" bec="0" bev="0" fileid="2" xmlns:p8="xsi" />
            </Method>
            <Method cyclomaticComplexity="1" nPathComplexity="0" sequenceCoverage="100" branchCoverage="100" isConstructor="False" isGetter="True" isSetter="False" isStatic="True">
              <Summary numSequencePoints="1" visitedSequencePoints="1" numBranchPoints="0" visitedBranchPoints="0" sequenceCoverage="100" branchCoverage="100" maxCyclomaticComplexity="1" minCyclomaticComplexity="1" visitedClasses="0" numClasses="0" visitedMethods="1" numMethods="1" />
              <MetadataToken />
              <Name>System.String ArgumentMarshalerLib.ArgumentsException::get_ErrorParameter()</Name>
              <FileRef uid="2" />
              <SequencePoints>
                <SequencePoint vc="34" uspid="48" ordinal="0" sl="48" sc="1" el="48" ec="2" bec="0" bev="0" fileid="2" />
              </SequencePoints>
              <BranchPoints />
              <MethodPoint vc="1" uspid="0" p8:type="SequencePoint" ordinal="1" offset="1" sc="0" sl="48" ec="1" el="48" bec="0" bev="0" fileid="2" xmlns:p8="xsi" />
            </Method>
            <Method cyclomaticComplexity="1" nPathComplexity="0" sequenceCoverage="100" branchCoverage="100" isConstructor="False" isGetter="True" isSetter="False" isStatic="True">
              <Summary numSequencePoints="1" visitedSequencePoints="1" numBranchPoints="0" visitedBranchPoints="0" sequenceCoverage="100" branchCoverage="100" maxCyclomaticComplexity="1" minCyclomaticComplexity="1" visitedClasses="0" numClasses="0" visitedMethods="1" numMethods="1" />
              <MetadataToken />
              <Name>ArgumentMarshalerLib.ErrorCode ArgumentMarshalerLib.ArgumentsException::get_ErrorCode()</Name>
              <FileRef uid="2" />
              <SequencePoints>
                <SequencePoint vc="37" uspid="49" ordinal="0" sl="49" sc="1" el="49" ec="2" bec="0" bev="0" fileid="2" />
              </SequencePoints>
              <BranchPoints />
              <MethodPoint vc="1" uspid="0" p8:type="SequencePoint" ordinal="2" offset="2" sc="0" sl="49" ec="1" el="49" bec="0" bev="0" fileid="2" xmlns:p8="xsi" />
            </Method>
            <Method cyclomaticComplexity="1" nPathComplexity="0" sequenceCoverage="100" branchCoverage="100" isConstructor="True" isGetter="False" isSetter="False" isStatic="True">
              <Summary numSequencePoints="3" visitedSequencePoints="3" numBranchPoints="0" visitedBranchPoints="0" sequenceCoverage="100" branchCoverage="100" maxCyclomaticComplexity="1" minCyclomaticComplexity="1" visitedClasses="0" numClasses="0" visitedMethods="1" numMethods="1" />
              <MetadataToken />
              <Name>System.Void ArgumentMarshalerLib.ArgumentsException::.ctor()</Name>
              <FileRef uid="2" />
              <SequencePoints>
                <SequencePoint vc="1" uspid="19" ordinal="0" sl="19" sc="1" el="19" ec="2" bec="0" bev="0" fileid="2" />
                <SequencePoint vc="1" uspid="20" ordinal="1" sl="20" sc="1" el="20" ec="2" bec="0" bev="0" fileid="2" />
                <SequencePoint vc="1" uspid="22" ordinal="2" sl="22" sc="1" el="22" ec="2" bec="0" bev="0" fileid="2" />
              </SequencePoints>
              <BranchPoints />
              <MethodPoint vc="3" uspid="0" p8:type="SequencePoint" ordinal="3" offset="3" sc="0" sl="19" ec="1" el="22" bec="0" bev="0" fileid="2" xmlns:p8="xsi" />
            </Method>
            <Method cyclomaticComplexity="1" nPathComplexity="0" sequenceCoverage="100" branchCoverage="100" isConstructor="True" isGetter="False" isSetter="False" isStatic="True">
              <Summary numSequencePoints="3" visitedSequencePoints="3" numBranchPoints="0" visitedBranchPoints="0" sequenceCoverage="100" branchCoverage="100" maxCyclomaticComplexity="1" minCyclomaticComplexity="1" visitedClasses="0" numClasses="0" visitedMethods="1" numMethods="1" />
              <MetadataToken />
              <Name>System.Void ArgumentMarshalerLib.ArgumentsException::.ctor(System.String)</Name>
              <FileRef uid="2" />
              <SequencePoints>
                <SequencePoint vc="1" uspid="24" ordinal="0" sl="24" sc="1" el="24" ec="2" bec="0" bev="0" fileid="2" />
                <SequencePoint vc="1" uspid="25" ordinal="1" sl="25" sc="1" el="25" ec="2" bec="0" bev="0" fileid="2" />
                <SequencePoint vc="1" uspid="27" ordinal="2" sl="27" sc="1" el="27" ec="2" bec="0" bev="0" fileid="2" />
              </SequencePoints>
              <BranchPoints />
              <MethodPoint vc="3" uspid="0" p8:type="SequencePoint" ordinal="4" offset="4" sc="0" sl="24" ec="1" el="27" bec="0" bev="0" fileid="2" xmlns:p8="xsi" />
            </Method>
            <Method cyclomaticComplexity="1" nPathComplexity="0" sequenceCoverage="100" branchCoverage="100" isConstructor="True" isGetter="False" isSetter="False" isStatic="True">
              <Summary numSequencePoints="4" visitedSequencePoints="4" numBranchPoints="0" visitedBranchPoints="0" sequenceCoverage="100" branchCoverage="100" maxCyclomaticComplexity="1" minCyclomaticComplexity="1" visitedClasses="0" numClasses="0" visitedMethods="1" numMethods="1" />
              <MetadataToken />
              <Name>System.Void ArgumentMarshalerLib.ArgumentsException::.ctor(ArgumentMarshalerLib.ErrorCode)</Name>
              <FileRef uid="2" />
              <SequencePoints>
                <SequencePoint vc="1" uspid="29" ordinal="0" sl="29" sc="1" el="29" ec="2" bec="0" bev="0" fileid="2" />
                <SequencePoint vc="1" uspid="30" ordinal="1" sl="30" sc="1" el="30" ec="2" bec="0" bev="0" fileid="2" />
                <SequencePoint vc="1" uspid="31" ordinal="2" sl="31" sc="1" el="31" ec="2" bec="0" bev="0" fileid="2" />
                <SequencePoint vc="1" uspid="32" ordinal="3" sl="32" sc="1" el="32" ec="2" bec="0" bev="0" fileid="2" />
              </SequencePoints>
              <BranchPoints />
              <MethodPoint vc="4" uspid="0" p8:type="SequencePoint" ordinal="5" offset="5" sc="0" sl="29" ec="1" el="32" bec="0" bev="0" fileid="2" xmlns:p8="xsi" />
            </Method>
            <Method cyclomaticComplexity="1" nPathComplexity="0" sequenceCoverage="100" branchCoverage="100" isConstructor="True" isGetter="False" isSetter="False" isStatic="True">
              <Summary numSequencePoints="5" visitedSequencePoints="5" numBranchPoints="0" visitedBranchPoints="0" sequenceCoverage="100" branchCoverage="100" maxCyclomaticComplexity="1" minCyclomaticComplexity="1" visitedClasses="0" numClasses="0" visitedMethods="1" numMethods="1" />
              <MetadataToken />
              <Name>System.Void ArgumentMarshalerLib.ArgumentsException::.ctor(ArgumentMarshalerLib.ErrorCode,System.String)</Name>
              <FileRef uid="2" />
              <SequencePoints>
                <SequencePoint vc="15" uspid="34" ordinal="0" sl="34" sc="1" el="34" ec="2" bec="0" bev="0" fileid="2" />
                <SequencePoint vc="15" uspid="35" ordinal="1" sl="35" sc="1" el="35" ec="2" bec="0" bev="0" fileid="2" />
                <SequencePoint vc="15" uspid="36" ordinal="2" sl="36" sc="1" el="36" ec="2" bec="0" bev="0" fileid="2" />
                <SequencePoint vc="15" uspid="37" ordinal="3" sl="37" sc="1" el="37" ec="2" bec="0" bev="0" fileid="2" />
                <SequencePoint vc="15" uspid="38" ordinal="4" sl="38" sc="1" el="38" ec="2" bec="0" bev="0" fileid="2" />
              </SequencePoints>
              <BranchPoints />
              <MethodPoint vc="5" uspid="0" p8:type="SequencePoint" ordinal="6" offset="6" sc="0" sl="34" ec="1" el="38" bec="0" bev="0" fileid="2" xmlns:p8="xsi" />
            </Method>
            <Method cyclomaticComplexity="1" nPathComplexity="0" sequenceCoverage="100" branchCoverage="100" isConstructor="True" isGetter="False" isSetter="False" isStatic="True">
              <Summary numSequencePoints="6" visitedSequencePoints="6" numBranchPoints="0" visitedBranchPoints="0" sequenceCoverage="100" branchCoverage="100" maxCyclomaticComplexity="1" minCyclomaticComplexity="1" visitedClasses="0" numClasses="0" visitedMethods="1" numMethods="1" />
              <MetadataToken />
              <Name>System.Void ArgumentMarshalerLib.ArgumentsException::.ctor(ArgumentMarshalerLib.ErrorCode,System.String,System.String)</Name>
              <FileRef uid="2" />
              <SequencePoints>
                <SequencePoint vc="1" uspid="40" ordinal="0" sl="40" sc="1" el="40" ec="2" bec="0" bev="0" fileid="2" />
                <SequencePoint vc="1" uspid="41" ordinal="1" sl="41" sc="1" el="41" ec="2" bec="0" bev="0" fileid="2" />
                <SequencePoint vc="1" uspid="42" ordinal="2" sl="42" sc="1" el="42" ec="2" bec="0" bev="0" fileid="2" />
                <SequencePoint vc="1" uspid="43" ordinal="3" sl="43" sc="1" el="43" ec="2" bec="0" bev="0" fileid="2" />
                <SequencePoint vc="1" uspid="44" ordinal="4" sl="44" sc="1" el="44" ec="2" bec="0" bev="0" fileid="2" />
                <SequencePoint vc="1" uspid="45" ordinal="5" sl="45" sc="1" el="45" ec="2" bec="0" bev="0" fileid="2" />
              </SequencePoints>
              <BranchPoints />
              <MethodPoint vc="6" uspid="0" p8:type="SequencePoint" ordinal="7" offset="7" sc="0" sl="40" ec="1" el="45" bec="0" bev="0" fileid="2" xmlns:p8="xsi" />
            </Method>
          </Methods>
        </Class>
        <Class>
          <Summary numSequencePoints="12" visitedSequencePoints="8" numBranchPoints="2" visitedBranchPoints="1" sequenceCoverage="66.66" branchCoverage="50" maxCyclomaticComplexity="2" minCyclomaticComplexity="1" visitedClasses="1" numClasses="1" visitedMethods="3" numMethods="5" />
          <FullName>ArgumentMarshalerLib.Iterator`1</FullName>
          <Methods>
            <Method cyclomaticComplexity="1" nPathComplexity="0" sequenceCoverage="0" branchCoverage="100" isConstructor="False" isGetter="True" isSetter="False" isStatic="True">
              <Summary numSequencePoints="1" visitedSequencePoints="0" numBranchPoints="0" visitedBranchPoints="0" sequenceCoverage="0" branchCoverage="100" maxCyclomaticComplexity="1" minCyclomaticComplexity="1" visitedClasses="0" numClasses="0" visitedMethods="0" numMethods="1" />
              <MetadataToken />
              <Name>T ArgumentMarshalerLib.Iterator`1::get_Current()</Name>
              <FileRef uid="3" />
              <SequencePoints>
                <SequencePoint vc="0" uspid="16" ordinal="0" sl="16" sc="1" el="16" ec="2" bec="0" bev="0" fileid="3" />
              </SequencePoints>
              <BranchPoints />
              <MethodPoint vc="0" uspid="0" p8:type="SequencePoint" ordinal="0" offset="0" sc="0" sl="16" ec="1" el="16" bec="0" bev="0" fileid="3" xmlns:p8="xsi" />
            </Method>
            <Method cyclomaticComplexity="1" nPathComplexity="0" sequenceCoverage="100" branchCoverage="100" isConstructor="False" isGetter="True" isSetter="False" isStatic="True">
              <Summary numSequencePoints="1" visitedSequencePoints="1" numBranchPoints="0" visitedBranchPoints="0" sequenceCoverage="100" branchCoverage="100" maxCyclomaticComplexity="1" minCyclomaticComplexity="1" visitedClasses="0" numClasses="0" visitedMethods="1" numMethods="1" />
              <MetadataToken />
              <Name>System.Boolean ArgumentMarshalerLib.Iterator`1::get_HasNext()</Name>
              <FileRef uid="3" />
              <SequencePoints>
                <SequencePoint vc="20" uspid="18" ordinal="0" sl="18" sc="1" el="18" ec="2" bec="0" bev="0" fileid="3" />
              </SequencePoints>
              <BranchPoints />
              <MethodPoint vc="1" uspid="0" p8:type="SequencePoint" ordinal="1" offset="1" sc="0" sl="18" ec="1" el="18" bec="0" bev="0" fileid="3" xmlns:p8="xsi" />
            </Method>
            <Method cyclomaticComplexity="1" nPathComplexity="0" sequenceCoverage="100" branchCoverage="100" isConstructor="False" isGetter="False" isSetter="False" isStatic="True">
              <Summary numSequencePoints="3" visitedSequencePoints="3" numBranchPoints="0" visitedBranchPoints="0" sequenceCoverage="100" branchCoverage="100" maxCyclomaticComplexity="1" minCyclomaticComplexity="1" visitedClasses="0" numClasses="0" visitedMethods="1" numMethods="1" />
              <MetadataToken />
              <Name>T ArgumentMarshalerLib.Iterator`1::Next()</Name>
              <FileRef uid="3" />
              <SequencePoints>
                <SequencePoint vc="25" uspid="21" ordinal="0" sl="21" sc="1" el="21" ec="2" bec="0" bev="0" fileid="3" />
                <SequencePoint vc="25" uspid="22" ordinal="1" sl="22" sc="1" el="22" ec="2" bec="0" bev="0" fileid="3" />
                <SequencePoint vc="25" uspid="23" ordinal="2" sl="23" sc="1" el="23" ec="2" bec="0" bev="0" fileid="3" />
              </SequencePoints>
              <BranchPoints />
              <MethodPoint vc="3" uspid="0" p8:type="SequencePoint" ordinal="2" offset="2" sc="0" sl="21" ec="1" el="23" bec="0" bev="0" fileid="3" xmlns:p8="xsi" />
            </Method>
            <Method cyclomaticComplexity="1" nPathComplexity="0" sequenceCoverage="0" branchCoverage="100" isConstructor="False" isGetter="False" isSetter="False" isStatic="True">
              <Summary numSequencePoints="3" visitedSequencePoints="0" numBranchPoints="0" visitedBranchPoints="0" sequenceCoverage="0" branchCoverage="100" maxCyclomaticComplexity="1" minCyclomaticComplexity="1" visitedClasses="0" numClasses="0" visitedMethods="0" numMethods="1" />
              <MetadataToken />
              <Name>T ArgumentMarshalerLib.Iterator`1::Previous()</Name>
              <FileRef uid="3" />
              <SequencePoints>
                <SequencePoint vc="0" uspid="26" ordinal="0" sl="26" sc="1" el="26" ec="2" bec="0" bev="0" fileid="3" />
                <SequencePoint vc="0" uspid="27" ordinal="1" sl="27" sc="1" el="27" ec="2" bec="0" bev="0" fileid="3" />
                <SequencePoint vc="0" uspid="28" ordinal="2" sl="28" sc="1" el="28" ec="2" bec="0" bev="0" fileid="3" />
              </SequencePoints>
              <BranchPoints />
              <MethodPoint vc="0" uspid="0" p8:type="SequencePoint" ordinal="3" offset="3" sc="0" sl="26" ec="1" el="28" bec="0" bev="0" fileid="3" xmlns:p8="xsi" />
            </Method>
            <Method cyclomaticComplexity="2" nPathComplexity="0" sequenceCoverage="100" branchCoverage="50" isConstructor="True" isGetter="False" isSetter="False" isStatic="True">
              <Summary numSequencePoints="4" visitedSequencePoints="4" numBranchPoints="2" visitedBranchPoints="1" sequenceCoverage="100" branchCoverage="50" maxCyclomaticComplexity="2" minCyclomaticComplexity="2" visitedClasses="0" numClasses="0" visitedMethods="1" numMethods="1" />
              <MetadataToken />
              <Name>System.Void ArgumentMarshalerLib.Iterator`1::.ctor(System.Collections.Generic.IList`1&lt;T&gt;)</Name>
              <FileRef uid="3" />
              <SequencePoints>
                <SequencePoint vc="5" uspid="11" ordinal="0" sl="11" sc="1" el="11" ec="2" bec="0" bev="0" fileid="3" />
                <SequencePoint vc="5" uspid="12" ordinal="1" sl="12" sc="1" el="12" ec="2" bec="0" bev="0" fileid="3" />
                <SequencePoint vc="5" uspid="13" ordinal="2" sl="13" sc="1" el="13" ec="2" bec="2" bev="1" fileid="3" />
                <SequencePoint vc="5" uspid="14" ordinal="3" sl="14" sc="1" el="14" ec="2" bec="0" bev="0" fileid="3" />
              </SequencePoints>
              <BranchPoints>
                <BranchPoint vc="0" uspid="13" ordinal="0" path="0" offset="11" offsetend="13" sl="13" fileid="3" />
                <BranchPoint vc="5" uspid="13" ordinal="1" path="1" offset="11" offsetend="20" sl="13" fileid="3" />
              </BranchPoints>
              <MethodPoint vc="4" uspid="0" p8:type="SequencePoint" ordinal="4" offset="4" sc="0" sl="11" ec="1" el="14" bec="0" bev="0" fileid="3" xmlns:p8="xsi" />
            </Method>
          </Methods>
        </Class>
      </Classes>
    </Module>
    <Module hash="63FD5FF1-B85C-4930-8A24-63BC5467D356">
      <ModulePath>ArgumentsLib.dll</ModulePath>
      <ModuleTime>2020-06-18T11:03:22</ModuleTime>
      <ModuleName>ArgumentsLib</ModuleName>
      <Files>
        <File uid="4" fullPath="C:\Users\lwnwim8\Documents\GitHub\argumentreader\ArgumentsLib\ArgumentException.cs" />
        <File uid="5" fullPath="C:\Users\lwnwim8\Documents\GitHub\argumentreader\ArgumentsLib\Arguments.cs" />
        <File uid="6" fullPath="C:\Users\lwnwim8\Documents\GitHub\argumentreader\ArgumentsLib\MarshalerReflector.cs" />
      </Files>
      <Classes>
        <Class>
          <Summary numSequencePoints="26" visitedSequencePoints="22" numBranchPoints="11" visitedBranchPoints="5" sequenceCoverage="84.61" branchCoverage="45.45" maxCyclomaticComplexity="11" minCyclomaticComplexity="1" visitedClasses="1" numClasses="1" visitedMethods="6" numMethods="6" />
          <FullName>ArgumentsLib.ArgumentException</FullName>
          <Methods>
            <Method cyclomaticComplexity="11" nPathComplexity="0" sequenceCoverage="63.63" branchCoverage="45.45" isConstructor="False" isGetter="False" isSetter="False" isStatic="True">
              <Summary numSequencePoints="11" visitedSequencePoints="7" numBranchPoints="11" visitedBranchPoints="5" sequenceCoverage="63.63" branchCoverage="45.45" maxCyclomaticComplexity="11" minCyclomaticComplexity="11" visitedClasses="0" numClasses="0" visitedMethods="1" numMethods="1" />
              <MetadataToken />
              <Name>System.String ArgumentsLib.ArgumentException::ErrorMessage()</Name>
              <FileRef uid="4" />
              <SequencePoints>
                <SequencePoint vc="17" uspid="31" ordinal="0" sl="31" sc="1" el="31" ec="2" bec="0" bev="0" fileid="4" />
                <SequencePoint vc="17" uspid="32" ordinal="1" sl="32" sc="1" el="32" ec="2" bec="9" bev="4" fileid="4" />
                <SequencePoint vc="1" uspid="35" ordinal="2" sl="35" sc="1" el="35" ec="2" bec="0" bev="0" fileid="4" />
                <SequencePoint vc="0" uspid="37" ordinal="3" sl="37" sc="1" el="37" ec="2" bec="0" bev="0" fileid="4" />
                <SequencePoint vc="0" uspid="39" ordinal="4" sl="39" sc="1" el="39" ec="2" bec="0" bev="0" fileid="4" />
                <SequencePoint vc="1" uspid="41" ordinal="5" sl="41" sc="1" el="41" ec="2" bec="0" bev="0" fileid="4" />
                <SequencePoint vc="3" uspid="43" ordinal="6" sl="43" sc="1" el="43" ec="2" bec="0" bev="0" fileid="4" />
                <SequencePoint vc="0" uspid="45" ordinal="7" sl="45" sc="1" el="45" ec="2" bec="0" bev="0" fileid="4" />
                <SequencePoint vc="12" uspid="47" ordinal="8" sl="47" sc="1" el="47" ec="2" bec="2" bev="1" fileid="4" />
                <SequencePoint vc="0" uspid="49" ordinal="9" sl="49" sc="1" el="49" ec="2" bec="0" bev="0" fileid="4" />
                <SequencePoint vc="17" uspid="51" ordinal="10" sl="51" sc="1" el="51" ec="2" bec="0" bev="0" fileid="4" />
              </SequencePoints>
              <BranchPoints>
                <BranchPoint vc="1" uspid="32" ordinal="1" path="1" offset="11" offsetend="53" sl="32" fileid="4" />
                <BranchPoint vc="0" uspid="32" ordinal="2" path="2" offset="11" offsetend="64" sl="32" fileid="4" />
                <BranchPoint vc="0" uspid="32" ordinal="3" path="3" offset="11" offsetend="91" sl="32" fileid="4" />
                <BranchPoint vc="1" uspid="32" ordinal="4" path="4" offset="11" offsetend="118" sl="32" fileid="4" />
                <BranchPoint vc="3" uspid="32" ordinal="5" path="5" offset="11" offsetend="174" sl="32" fileid="4" />
                <BranchPoint vc="0" uspid="32" ordinal="6" path="6" offset="11" offsetend="198" sl="32" fileid="4" />
                <BranchPoint vc="12" uspid="32" ordinal="8" path="8" offset="11" offsetend="222" sl="32" fileid="4" />
                <BranchPoint vc="0" uspid="47" ordinal="9" path="0" offset="229" offsetend="231" sl="47" fileid="4" />
                <BranchPoint vc="12" uspid="47" ordinal="10" path="1" offset="229" offsetend="237" sl="47" fileid="4" />
                <BranchPoint vc="0" uspid="32" ordinal="0" path="0" offset="11" offsetend="240" sl="32" fileid="4" />
                <BranchPoint vc="0" uspid="32" ordinal="7" path="7" offset="11" offsetend="240" sl="32" fileid="4" />
              </BranchPoints>
              <MethodPoint vc="7" uspid="0" p8:type="SequencePoint" ordinal="0" offset="0" sc="0" sl="31" ec="1" el="51" bec="0" bev="0" fileid="4" xmlns:p8="xsi" />
            </Method>
            <Method cyclomaticComplexity="1" nPathComplexity="0" sequenceCoverage="100" branchCoverage="100" isConstructor="True" isGetter="False" isSetter="False" isStatic="True">
              <Summary numSequencePoints="3" visitedSequencePoints="3" numBranchPoints="0" visitedBranchPoints="0" sequenceCoverage="100" branchCoverage="100" maxCyclomaticComplexity="1" minCyclomaticComplexity="1" visitedClasses="0" numClasses="0" visitedMethods="1" numMethods="1" />
              <MetadataToken />
              <Name>System.Void ArgumentsLib.ArgumentException::.ctor()</Name>
              <FileRef uid="4" />
              <SequencePoints>
                <SequencePoint vc="1" uspid="7" ordinal="0" sl="7" sc="1" el="7" ec="2" bec="0" bev="0" fileid="4" />
                <SequencePoint vc="1" uspid="8" ordinal="1" sl="8" sc="1" el="8" ec="2" bec="0" bev="0" fileid="4" />
                <SequencePoint vc="1" uspid="9" ordinal="2" sl="9" sc="1" el="9" ec="2" bec="0" bev="0" fileid="4" />
              </SequencePoints>
              <BranchPoints />
              <MethodPoint vc="3" uspid="0" p8:type="SequencePoint" ordinal="1" offset="1" sc="0" sl="7" ec="1" el="9" bec="0" bev="0" fileid="4" xmlns:p8="xsi" />
            </Method>
            <Method cyclomaticComplexity="1" nPathComplexity="0" sequenceCoverage="100" branchCoverage="100" isConstructor="True" isGetter="False" isSetter="False" isStatic="True">
              <Summary numSequencePoints="3" visitedSequencePoints="3" numBranchPoints="0" visitedBranchPoints="0" sequenceCoverage="100" branchCoverage="100" maxCyclomaticComplexity="1" minCyclomaticComplexity="1" visitedClasses="0" numClasses="0" visitedMethods="1" numMethods="1" />
              <MetadataToken />
              <Name>System.Void ArgumentsLib.ArgumentException::.ctor(System.String)</Name>
              <FileRef uid="4" />
              <SequencePoints>
                <SequencePoint vc="1" uspid="11" ordinal="0" sl="11" sc="1" el="11" ec="2" bec="0" bev="0" fileid="4" />
                <SequencePoint vc="1" uspid="12" ordinal="1" sl="12" sc="1" el="12" ec="2" bec="0" bev="0" fileid="4" />
                <SequencePoint vc="1" uspid="13" ordinal="2" sl="13" sc="1" el="13" ec="2" bec="0" bev="0" fileid="4" />
              </SequencePoints>
              <BranchPoints />
              <MethodPoint vc="3" uspid="0" p8:type="SequencePoint" ordinal="2" offset="2" sc="0" sl="11" ec="1" el="13" bec="0" bev="0" fileid="4" xmlns:p8="xsi" />
            </Method>
            <Method cyclomaticComplexity="1" nPathComplexity="0" sequenceCoverage="100" branchCoverage="100" isConstructor="True" isGetter="False" isSetter="False" isStatic="True">
              <Summary numSequencePoints="3" visitedSequencePoints="3" numBranchPoints="0" visitedBranchPoints="0" sequenceCoverage="100" branchCoverage="100" maxCyclomaticComplexity="1" minCyclomaticComplexity="1" visitedClasses="0" numClasses="0" visitedMethods="1" numMethods="1" />
              <MetadataToken />
              <Name>System.Void ArgumentsLib.ArgumentException::.ctor(ArgumentMarshalerLib.ErrorCode)</Name>
              <FileRef uid="4" />
              <SequencePoints>
                <SequencePoint vc="1" uspid="15" ordinal="0" sl="15" sc="1" el="15" ec="2" bec="0" bev="0" fileid="4" />
                <SequencePoint vc="1" uspid="16" ordinal="1" sl="16" sc="1" el="16" ec="2" bec="0" bev="0" fileid="4" />
                <SequencePoint vc="1" uspid="18" ordinal="2" sl="18" sc="1" el="18" ec="2" bec="0" bev="0" fileid="4" />
              </SequencePoints>
              <BranchPoints />
              <MethodPoint vc="3" uspid="0" p8:type="SequencePoint" ordinal="3" offset="3" sc="0" sl="15" ec="1" el="18" bec="0" bev="0" fileid="4" xmlns:p8="xsi" />
            </Method>
            <Method cyclomaticComplexity="1" nPathComplexity="0" sequenceCoverage="100" branchCoverage="100" isConstructor="True" isGetter="False" isSetter="False" isStatic="True">
              <Summary numSequencePoints="3" visitedSequencePoints="3" numBranchPoints="0" visitedBranchPoints="0" sequenceCoverage="100" branchCoverage="100" maxCyclomaticComplexity="1" minCyclomaticComplexity="1" visitedClasses="0" numClasses="0" visitedMethods="1" numMethods="1" />
              <MetadataToken />
              <Name>System.Void ArgumentsLib.ArgumentException::.ctor(ArgumentMarshalerLib.ErrorCode,System.String)</Name>
              <FileRef uid="4" />
              <SequencePoints>
                <SequencePoint vc="15" uspid="20" ordinal="0" sl="20" sc="1" el="20" ec="2" bec="0" bev="0" fileid="4" />
                <SequencePoint vc="15" uspid="21" ordinal="1" sl="21" sc="1" el="21" ec="2" bec="0" bev="0" fileid="4" />
                <SequencePoint vc="15" uspid="23" ordinal="2" sl="23" sc="1" el="23" ec="2" bec="0" bev="0" fileid="4" />
              </SequencePoints>
              <BranchPoints />
              <MethodPoint vc="3" uspid="0" p8:type="SequencePoint" ordinal="4" offset="4" sc="0" sl="20" ec="1" el="23" bec="0" bev="0" fileid="4" xmlns:p8="xsi" />
            </Method>
            <Method cyclomaticComplexity="1" nPathComplexity="0" sequenceCoverage="100" branchCoverage="100" isConstructor="True" isGetter="False" isSetter="False" isStatic="True">
              <Summary numSequencePoints="3" visitedSequencePoints="3" numBranchPoints="0" visitedBranchPoints="0" sequenceCoverage="100" branchCoverage="100" maxCyclomaticComplexity="1" minCyclomaticComplexity="1" visitedClasses="0" numClasses="0" visitedMethods="1" numMethods="1" />
              <MetadataToken />
              <Name>System.Void ArgumentsLib.ArgumentException::.ctor(ArgumentMarshalerLib.ErrorCode,System.String,System.String)</Name>
              <FileRef uid="4" />
              <SequencePoints>
                <SequencePoint vc="1" uspid="25" ordinal="0" sl="25" sc="1" el="25" ec="2" bec="0" bev="0" fileid="4" />
                <SequencePoint vc="1" uspid="26" ordinal="1" sl="26" sc="1" el="26" ec="2" bec="0" bev="0" fileid="4" />
                <SequencePoint vc="1" uspid="28" ordinal="2" sl="28" sc="1" el="28" ec="2" bec="0" bev="0" fileid="4" />
              </SequencePoints>
              <BranchPoints />
              <MethodPoint vc="3" uspid="0" p8:type="SequencePoint" ordinal="5" offset="5" sc="0" sl="25" ec="1" el="28" bec="0" bev="0" fileid="4" xmlns:p8="xsi" />
            </Method>
          </Methods>
        </Class>
        <Class>
          <Summary numSequencePoints="93" visitedSequencePoints="76" numBranchPoints="34" visitedBranchPoints="26" sequenceCoverage="81.72" branchCoverage="76.47" maxCyclomaticComplexity="8" minCyclomaticComplexity="1" visitedClasses="1" numClasses="1" visitedMethods="7" numMethods="9" />
          <FullName>ArgumentsLib.Arguments</FullName>
          <Methods>
            <Method cyclomaticComplexity="1" nPathComplexity="0" sequenceCoverage="0" branchCoverage="100" isConstructor="False" isGetter="True" isSetter="False" isStatic="True">
              <Summary numSequencePoints="1" visitedSequencePoints="0" numBranchPoints="0" visitedBranchPoints="0" sequenceCoverage="0" branchCoverage="100" maxCyclomaticComplexity="1" minCyclomaticComplexity="1" visitedClasses="0" numClasses="0" visitedMethods="0" numMethods="1" />
              <MetadataToken />
              <Name>System.Collections.Generic.IEnumerable`1&lt;System.String&gt; ArgumentsLib.Arguments::get_ArgumentsFound()</Name>
              <FileRef uid="5" />
              <SequencePoints>
                <SequencePoint vc="0" uspid="35" ordinal="0" sl="35" sc="1" el="35" ec="2" bec="0" bev="0" fileid="5" />
              </SequencePoints>
              <BranchPoints />
              <MethodPoint vc="0" uspid="0" p8:type="SequencePoint" ordinal="0" offset="0" sc="0" sl="35" ec="1" el="35" bec="0" bev="0" fileid="5" xmlns:p8="xsi" />
            </Method>
            <Method cyclomaticComplexity="2" nPathComplexity="0" sequenceCoverage="0" branchCoverage="0" isConstructor="False" isGetter="True" isSetter="False" isStatic="True">
              <Summary numSequencePoints="8" visitedSequencePoints="0" numBranchPoints="2" visitedBranchPoints="0" sequenceCoverage="0" branchCoverage="0" maxCyclomaticComplexity="2" minCyclomaticComplexity="2" visitedClasses="0" numClasses="0" visitedMethods="0" numMethods="1" />
              <MetadataToken />
              <Name>System.Collections.Generic.IEnumerable`1&lt;System.String&gt; ArgumentsLib.Arguments::get_Schema()</Name>
              <FileRef uid="5" />
              <SequencePoints>
                <SequencePoint vc="0" uspid="40" ordinal="0" sl="40" sc="1" el="40" ec="2" bec="0" bev="0" fileid="5" />
                <SequencePoint vc="0" uspid="41" ordinal="1" sl="41" sc="1" el="41" ec="2" bec="0" bev="0" fileid="5" />
                <SequencePoint vc="0" uspid="43" ordinal="2" sl="43" sc="1" el="43" ec="2" bec="2" bev="0" fileid="5" />
                <SequencePoint vc="0" uspid="44" ordinal="3" sl="44" sc="1" el="44" ec="2" bec="0" bev="0" fileid="5" />
                <SequencePoint vc="0" uspid="45" ordinal="4" sl="45" sc="1" el="45" ec="2" bec="0" bev="0" fileid="5" />
                <SequencePoint vc="0" uspid="46" ordinal="5" sl="46" sc="1" el="46" ec="2" bec="0" bev="0" fileid="5" />
                <SequencePoint vc="0" uspid="48" ordinal="6" sl="48" sc="1" el="48" ec="2" bec="0" bev="0" fileid="5" />
                <SequencePoint vc="0" uspid="49" ordinal="7" sl="49" sc="1" el="49" ec="2" bec="0" bev="0" fileid="5" />
              </SequencePoints>
              <BranchPoints>
                <BranchPoint vc="0" uspid="43" ordinal="1" path="1" offset="52" offsetend="27" sl="43" fileid="5" />
                <BranchPoint vc="0" uspid="43" ordinal="0" path="0" offset="52" offsetend="54" sl="43" fileid="5" />
              </BranchPoints>
              <MethodPoint vc="0" uspid="0" p8:type="SequencePoint" ordinal="1" offset="1" sc="0" sl="40" ec="1" el="49" bec="0" bev="0" fileid="5" xmlns:p8="xsi" />
            </Method>
            <Method cyclomaticComplexity="4" nPathComplexity="0" sequenceCoverage="94.73" branchCoverage="75" isConstructor="False" isGetter="False" isSetter="False" isStatic="True">
              <Summary numSequencePoints="19" visitedSequencePoints="18" numBranchPoints="4" visitedBranchPoints="3" sequenceCoverage="94.73" branchCoverage="75" maxCyclomaticComplexity="4" minCyclomaticComplexity="4" visitedClasses="0" numClasses="0" visitedMethods="1" numMethods="1" />
              <MetadataToken />
              <Name>T ArgumentsLib.Arguments::GetValue(System.String)</Name>
              <FileRef uid="5" />
              <SequencePoints>
                <SequencePoint vc="7" uspid="53" ordinal="0" sl="53" sc="1" el="53" ec="2" bec="0" bev="0" fileid="5" />
                <SequencePoint vc="7" uspid="55" ordinal="1" sl="55" sc="1" el="55" ec="2" bec="0" bev="0" fileid="5" />
                <SequencePoint vc="7" uspid="56" ordinal="2" sl="56" sc="1" el="56" ec="2" bec="2" bev="2" fileid="5" />
                <SequencePoint vc="4" uspid="57" ordinal="3" sl="57" sc="1" el="57" ec="2" bec="0" bev="0" fileid="5" />
                <SequencePoint vc="4" uspid="58" ordinal="4" sl="58" sc="1" el="58" ec="2" bec="2" bev="1" fileid="5" />
                <SequencePoint vc="0" uspid="59" ordinal="5" sl="59" sc="1" el="59" ec="2" bec="0" bev="0" fileid="5" />
                <SequencePoint vc="4" uspid="61" ordinal="6" sl="61" sc="1" el="61" ec="2" bec="0" bev="0" fileid="5" />
                <SequencePoint vc="2" uspid="64" ordinal="7" sl="64" sc="1" el="64" ec="2" bec="0" bev="0" fileid="5" />
                <SequencePoint vc="2" uspid="65" ordinal="8" sl="65" sc="1" el="65" ec="2" bec="0" bev="0" fileid="5" />
                <SequencePoint vc="2" uspid="68" ordinal="9" sl="68" sc="1" el="68" ec="2" bec="0" bev="0" fileid="5" />
                <SequencePoint vc="2" uspid="69" ordinal="10" sl="69" sc="1" el="69" ec="2" bec="0" bev="0" fileid="5" />
                <SequencePoint vc="2" uspid="70" ordinal="11" sl="70" sc="1" el="70" ec="2" bec="0" bev="0" fileid="5" />
                <SequencePoint vc="1" uspid="72" ordinal="12" sl="72" sc="1" el="72" ec="2" bec="0" bev="0" fileid="5" />
                <SequencePoint vc="1" uspid="73" ordinal="13" sl="73" sc="1" el="73" ec="2" bec="0" bev="0" fileid="5" />
                <SequencePoint vc="1" uspid="74" ordinal="14" sl="74" sc="1" el="74" ec="2" bec="0" bev="0" fileid="5" />
                <SequencePoint vc="1" uspid="76" ordinal="15" sl="76" sc="1" el="76" ec="2" bec="0" bev="0" fileid="5" />
                <SequencePoint vc="1" uspid="77" ordinal="16" sl="77" sc="1" el="77" ec="2" bec="0" bev="0" fileid="5" />
                <SequencePoint vc="1" uspid="78" ordinal="17" sl="78" sc="1" el="78" ec="2" bec="0" bev="0" fileid="5" />
                <SequencePoint vc="3" uspid="80" ordinal="18" sl="80" sc="1" el="80" ec="2" bec="0" bev="0" fileid="5" />
              </SequencePoints>
              <BranchPoints>
                <BranchPoint vc="4" uspid="56" ordinal="0" path="0" offset="16" offsetend="18" sl="56" fileid="5" />
                <BranchPoint vc="0" uspid="58" ordinal="2" path="0" offset="41" offsetend="43" sl="58" fileid="5" />
                <BranchPoint vc="4" uspid="58" ordinal="3" path="1" offset="41" offsetend="55" sl="58" fileid="5" />
                <BranchPoint vc="2" uspid="56" ordinal="1" path="1" offset="16" offsetend="80" sl="56" fileid="5" />
              </BranchPoints>
              <MethodPoint vc="18" uspid="0" p8:type="SequencePoint" ordinal="2" offset="2" sc="0" sl="53" ec="1" el="80" bec="0" bev="0" fileid="5" xmlns:p8="xsi" />
            </Method>
            <Method cyclomaticComplexity="6" nPathComplexity="0" sequenceCoverage="100" branchCoverage="83.33" isConstructor="False" isGetter="False" isSetter="False" isStatic="True">
              <Summary numSequencePoints="9" visitedSequencePoints="9" numBranchPoints="6" visitedBranchPoints="5" sequenceCoverage="100" branchCoverage="83.33" maxCyclomaticComplexity="6" minCyclomaticComplexity="6" visitedClasses="0" numClasses="0" visitedMethods="1" numMethods="1" />
              <MetadataToken />
              <Name>System.Void ArgumentsLib.Arguments::ParseSchema(System.String)</Name>
              <FileRef uid="5" />
              <SequencePoints>
                <SequencePoint vc="5" uspid="83" ordinal="0" sl="83" sc="1" el="83" ec="2" bec="0" bev="0" fileid="5" />
                <SequencePoint vc="45" uspid="85" ordinal="1" sl="85" sc="1" el="85" ec="2" bec="2" bev="2" fileid="5" />
                <SequencePoint vc="15" uspid="86" ordinal="2" sl="86" sc="1" el="86" ec="2" bec="0" bev="0" fileid="5" />
                <SequencePoint vc="15" uspid="87" ordinal="3" sl="87" sc="1" el="87" ec="2" bec="4" bev="3" fileid="5" />
                <SequencePoint vc="15" uspid="88" ordinal="4" sl="88" sc="1" el="88" ec="2" bec="0" bev="0" fileid="5" />
                <SequencePoint vc="15" uspid="89" ordinal="5" sl="89" sc="1" el="89" ec="2" bec="0" bev="0" fileid="5" />
                <SequencePoint vc="15" uspid="90" ordinal="6" sl="90" sc="1" el="90" ec="2" bec="0" bev="0" fileid="5" />
                <SequencePoint vc="15" uspid="91" ordinal="7" sl="91" sc="1" el="91" ec="2" bec="0" bev="0" fileid="5" />
                <SequencePoint vc="5" uspid="92" ordinal="8" sl="92" sc="1" el="92" ec="2" bec="0" bev="0" fileid="5" />
              </SequencePoints>
              <BranchPoints>
                <BranchPoint vc="15" uspid="85" ordinal="5" path="1" offset="78" offsetend="24" sl="85" fileid="5" />
                <BranchPoint vc="15" uspid="87" ordinal="0" path="0" offset="36" offsetend="38" sl="87" fileid="5" />
                <BranchPoint vc="0" uspid="87" ordinal="1" path="1" offset="36" offsetend="49" sl="87" fileid="5" />
                <BranchPoint vc="15" uspid="87" ordinal="2" path="0" offset="52" offsetend="54" sl="87" fileid="5" />
                <BranchPoint vc="15" uspid="87" ordinal="3" path="1" offset="52" offsetend="69" sl="87" fileid="5" />
                <BranchPoint vc="5" uspid="85" ordinal="4" path="0" offset="78" offsetend="80" sl="85" fileid="5" />
              </BranchPoints>
              <MethodPoint vc="9" uspid="0" p8:type="SequencePoint" ordinal="3" offset="3" sc="0" sl="83" ec="1" el="92" bec="0" bev="0" fileid="5" xmlns:p8="xsi" />
            </Method>
            <Method cyclomaticComplexity="6" nPathComplexity="0" sequenceCoverage="100" branchCoverage="83.33" isConstructor="False" isGetter="False" isSetter="False" isStatic="True">
              <Summary numSequencePoints="16" visitedSequencePoints="16" numBranchPoints="6" visitedBranchPoints="5" sequenceCoverage="100" branchCoverage="83.33" maxCyclomaticComplexity="6" minCyclomaticComplexity="6" visitedClasses="0" numClasses="0" visitedMethods="1" numMethods="1" />
              <MetadataToken />
              <Name>System.Void ArgumentsLib.Arguments::ParseSchemaArgument(System.String)</Name>
              <FileRef uid="5" />
              <SequencePoints>
                <SequencePoint vc="15" uspid="95" ordinal="0" sl="95" sc="1" el="95" ec="2" bec="0" bev="0" fileid="5" />
                <SequencePoint vc="15" uspid="99" ordinal="1" sl="99" sc="1" el="99" ec="2" bec="0" bev="0" fileid="5" />
                <SequencePoint vc="15" uspid="100" ordinal="2" sl="100" sc="1" el="100" ec="2" bec="0" bev="0" fileid="5" />
                <SequencePoint vc="205" uspid="102" ordinal="3" sl="102" sc="1" el="102" ec="2" bec="2" bev="2" fileid="5" />
                <SequencePoint vc="85" uspid="103" ordinal="4" sl="103" sc="1" el="103" ec="2" bec="0" bev="0" fileid="5" />
                <SequencePoint vc="85" uspid="104" ordinal="5" sl="104" sc="1" el="104" ec="2" bec="2" bev="2" fileid="5" />
                <SequencePoint vc="75" uspid="105" ordinal="6" sl="105" sc="1" el="105" ec="2" bec="0" bev="0" fileid="5" />
                <SequencePoint vc="75" uspid="106" ordinal="7" sl="106" sc="1" el="106" ec="2" bec="0" bev="0" fileid="5" />
                <SequencePoint vc="75" uspid="107" ordinal="8" sl="107" sc="1" el="107" ec="2" bec="0" bev="0" fileid="5" />
                <SequencePoint vc="10" uspid="109" ordinal="9" sl="109" sc="1" el="109" ec="2" bec="0" bev="0" fileid="5" />
                <SequencePoint vc="10" uspid="110" ordinal="10" sl="110" sc="1" el="110" ec="2" bec="0" bev="0" fileid="5" />
                <SequencePoint vc="10" uspid="111" ordinal="11" sl="111" sc="1" el="111" ec="2" bec="0" bev="0" fileid="5" />
                <SequencePoint vc="75" uspid="113" ordinal="12" sl="113" sc="1" el="113" ec="2" bec="0" bev="0" fileid="5" />
                <SequencePoint vc="15" uspid="115" ordinal="13" sl="115" sc="1" el="115" ec="2" bec="2" bev="1" fileid="5" />
                <SequencePoint vc="15" uspid="116" ordinal="14" sl="116" sc="1" el="116" ec="2" bec="0" bev="0" fileid="5" />
                <SequencePoint vc="15" uspid="117" ordinal="15" sl="117" sc="1" el="117" ec="2" bec="0" bev="0" fileid="5" />
              </SequencePoints>
              <BranchPoints>
                <BranchPoint vc="85" uspid="102" ordinal="3" path="1" offset="85" offsetend="21" sl="102" fileid="5" />
                <BranchPoint vc="75" uspid="104" ordinal="0" path="0" offset="43" offsetend="45" sl="104" fileid="5" />
                <BranchPoint vc="10" uspid="104" ordinal="1" path="1" offset="43" offsetend="58" sl="104" fileid="5" />
                <BranchPoint vc="15" uspid="102" ordinal="2" path="0" offset="85" offsetend="87" sl="102" fileid="5" />
                <BranchPoint vc="0" uspid="115" ordinal="4" path="0" offset="105" offsetend="107" sl="115" fileid="5" />
                <BranchPoint vc="15" uspid="115" ordinal="5" path="1" offset="105" offsetend="122" sl="115" fileid="5" />
              </BranchPoints>
              <MethodPoint vc="16" uspid="0" p8:type="SequencePoint" ordinal="4" offset="4" sc="0" sl="95" ec="1" el="117" bec="0" bev="0" fileid="5" xmlns:p8="xsi" />
            </Method>
            <Method cyclomaticComplexity="6" nPathComplexity="0" sequenceCoverage="83.33" branchCoverage="66.66" isConstructor="False" isGetter="False" isSetter="False" isStatic="True">
              <Summary numSequencePoints="12" visitedSequencePoints="10" numBranchPoints="6" visitedBranchPoints="4" sequenceCoverage="83.33" branchCoverage="66.66" maxCyclomaticComplexity="6" minCyclomaticComplexity="6" visitedClasses="0" numClasses="0" visitedMethods="1" numMethods="1" />
              <MetadataToken />
              <Name>System.Void ArgumentsLib.Arguments::ParseArgumentStrings(System.Collections.Generic.List`1&lt;System.String&gt;)</Name>
              <FileRef uid="5" />
              <SequencePoints>
                <SequencePoint vc="5" uspid="120" ordinal="0" sl="120" sc="1" el="120" ec="2" bec="0" bev="0" fileid="5" />
                <SequencePoint vc="25" uspid="126" ordinal="1" sl="126" sc="1" el="126" ec="2" bec="2" bev="2" fileid="5" />
                <SequencePoint vc="15" uspid="127" ordinal="2" sl="127" sc="1" el="127" ec="2" bec="0" bev="0" fileid="5" />
                <SequencePoint vc="15" uspid="128" ordinal="3" sl="128" sc="1" el="128" ec="2" bec="0" bev="0" fileid="5" />
                <SequencePoint vc="15" uspid="130" ordinal="4" sl="130" sc="1" el="130" ec="2" bec="4" bev="2" fileid="5" />
                <SequencePoint vc="15" uspid="131" ordinal="5" sl="131" sc="1" el="131" ec="2" bec="0" bev="0" fileid="5" />
                <SequencePoint vc="15" uspid="132" ordinal="6" sl="132" sc="1" el="132" ec="2" bec="0" bev="0" fileid="5" />
                <SequencePoint vc="15" uspid="133" ordinal="7" sl="133" sc="1" el="133" ec="2" bec="0" bev="0" fileid="5" />
                <SequencePoint vc="0" uspid="135" ordinal="8" sl="135" sc="1" el="135" ec="2" bec="0" bev="0" fileid="5" />
                <SequencePoint vc="0" uspid="136" ordinal="9" sl="136" sc="1" el="136" ec="2" bec="0" bev="0" fileid="5" />
                <SequencePoint vc="15" uspid="138" ordinal="10" sl="138" sc="1" el="138" ec="2" bec="0" bev="0" fileid="5" />
                <SequencePoint vc="5" uspid="139" ordinal="11" sl="139" sc="1" el="139" ec="2" bec="0" bev="0" fileid="5" />
              </SequencePoints>
              <BranchPoints>
                <BranchPoint vc="15" uspid="126" ordinal="5" path="1" offset="96" offsetend="15" sl="126" fileid="5" />
                <BranchPoint vc="15" uspid="130" ordinal="0" path="0" offset="35" offsetend="37" sl="130" fileid="5" />
                <BranchPoint vc="0" uspid="130" ordinal="1" path="1" offset="35" offsetend="50" sl="130" fileid="5" />
                <BranchPoint vc="15" uspid="130" ordinal="2" path="0" offset="53" offsetend="55" sl="130" fileid="5" />
                <BranchPoint vc="0" uspid="130" ordinal="3" path="1" offset="53" offsetend="73" sl="130" fileid="5" />
                <BranchPoint vc="5" uspid="126" ordinal="4" path="0" offset="96" offsetend="98" sl="126" fileid="5" />
              </BranchPoints>
              <MethodPoint vc="10" uspid="0" p8:type="SequencePoint" ordinal="5" offset="5" sc="0" sl="120" ec="1" el="139" bec="0" bev="0" fileid="5" xmlns:p8="xsi" />
            </Method>
            <Method cyclomaticComplexity="1" nPathComplexity="0" sequenceCoverage="100" branchCoverage="100" isConstructor="False" isGetter="False" isSetter="False" isStatic="True">
              <Summary numSequencePoints="3" visitedSequencePoints="3" numBranchPoints="0" visitedBranchPoints="0" sequenceCoverage="100" branchCoverage="100" maxCyclomaticComplexity="1" minCyclomaticComplexity="1" visitedClasses="0" numClasses="0" visitedMethods="1" numMethods="1" />
              <MetadataToken />
              <Name>System.Void ArgumentsLib.Arguments::ParseArgumentString(System.String)</Name>
              <FileRef uid="5" />
              <SequencePoints>
                <SequencePoint vc="15" uspid="142" ordinal="0" sl="142" sc="1" el="142" ec="2" bec="0" bev="0" fileid="5" />
                <SequencePoint vc="15" uspid="143" ordinal="1" sl="143" sc="1" el="143" ec="2" bec="0" bev="0" fileid="5" />
                <SequencePoint vc="15" uspid="144" ordinal="2" sl="144" sc="1" el="144" ec="2" bec="0" bev="0" fileid="5" />
              </SequencePoints>
              <BranchPoints />
              <MethodPoint vc="3" uspid="0" p8:type="SequencePoint" ordinal="6" offset="6" sc="0" sl="142" ec="1" el="144" bec="0" bev="0" fileid="5" xmlns:p8="xsi" />
            </Method>
            <Method cyclomaticComplexity="2" nPathComplexity="0" sequenceCoverage="58.33" branchCoverage="50" isConstructor="False" isGetter="False" isSetter="False" isStatic="True">
              <Summary numSequencePoints="12" visitedSequencePoints="7" numBranchPoints="2" visitedBranchPoints="1" sequenceCoverage="58.33" branchCoverage="50" maxCyclomaticComplexity="2" minCyclomaticComplexity="2" visitedClasses="0" numClasses="0" visitedMethods="1" numMethods="1" />
              <MetadataToken />
              <Name>System.Void ArgumentsLib.Arguments::ParseArgumentChar(System.String)</Name>
              <FileRef uid="5" />
              <SequencePoints>
                <SequencePoint vc="15" uspid="147" ordinal="0" sl="147" sc="1" el="147" ec="2" bec="0" bev="0" fileid="5" />
                <SequencePoint vc="15" uspid="150" ordinal="1" sl="150" sc="1" el="150" ec="2" bec="2" bev="1" fileid="5" />
                <SequencePoint vc="0" uspid="151" ordinal="2" sl="151" sc="1" el="151" ec="2" bec="0" bev="0" fileid="5" />
                <SequencePoint vc="15" uspid="153" ordinal="3" sl="153" sc="1" el="153" ec="2" bec="0" bev="0" fileid="5" />
                <SequencePoint vc="15" uspid="156" ordinal="4" sl="156" sc="1" el="156" ec="2" bec="0" bev="0" fileid="5" />
                <SequencePoint vc="15" uspid="164" ordinal="5" sl="164" sc="1" el="164" ec="2" bec="0" bev="0" fileid="5" />
                <SequencePoint vc="15" uspid="165" ordinal="6" sl="165" sc="1" el="165" ec="2" bec="0" bev="0" fileid="5" />
                <SequencePoint vc="0" uspid="166" ordinal="7" sl="166" sc="1" el="166" ec="2" bec="0" bev="0" fileid="5" />
                <SequencePoint vc="0" uspid="167" ordinal="8" sl="167" sc="1" el="167" ec="2" bec="0" bev="0" fileid="5" />
                <SequencePoint vc="0" uspid="168" ordinal="9" sl="168" sc="1" el="168" ec="2" bec="0" bev="0" fileid="5" />
                <SequencePoint vc="0" uspid="169" ordinal="10" sl="169" sc="1" el="169" ec="2" bec="0" bev="0" fileid="5" />
                <SequencePoint vc="15" uspid="171" ordinal="11" sl="171" sc="1" el="171" ec="2" bec="0" bev="0" fileid="5" />
              </SequencePoints>
              <BranchPoints>
                <BranchPoint vc="0" uspid="150" ordinal="0" path="0" offset="20" offsetend="22" sl="150" fileid="5" />
                <BranchPoint vc="15" uspid="150" ordinal="1" path="1" offset="20" offsetend="31" sl="150" fileid="5" />
              </BranchPoints>
              <MethodPoint vc="7" uspid="0" p8:type="SequencePoint" ordinal="7" offset="7" sc="0" sl="147" ec="1" el="171" bec="0" bev="0" fileid="5" xmlns:p8="xsi" />
            </Method>
            <Method cyclomaticComplexity="8" nPathComplexity="0" sequenceCoverage="100" branchCoverage="100" isConstructor="True" isGetter="False" isSetter="False" isStatic="True">
              <Summary numSequencePoints="13" visitedSequencePoints="13" numBranchPoints="8" visitedBranchPoints="8" sequenceCoverage="100" branchCoverage="100" maxCyclomaticComplexity="8" minCyclomaticComplexity="8" visitedClasses="0" numClasses="0" visitedMethods="1" numMethods="1" />
              <MetadataToken />
              <Name>System.Void ArgumentsLib.Arguments::.ctor(System.String,System.Collections.Generic.IEnumerable`1&lt;System.String&gt;,System.String)</Name>
              <FileRef uid="5" />
              <SequencePoints>
                <SequencePoint vc="11" uspid="17" ordinal="0" sl="17" sc="1" el="17" ec="2" bec="0" bev="0" fileid="5" />
                <SequencePoint vc="11" uspid="18" ordinal="1" sl="18" sc="1" el="18" ec="2" bec="0" bev="0" fileid="5" />
                <SequencePoint vc="11" uspid="19" ordinal="2" sl="19" sc="1" el="19" ec="2" bec="2" bev="2" fileid="5" />
                <SequencePoint vc="2" uspid="20" ordinal="3" sl="20" sc="1" el="20" ec="2" bec="0" bev="0" fileid="5" />
                <SequencePoint vc="9" uspid="22" ordinal="4" sl="22" sc="1" el="22" ec="2" bec="4" bev="4" fileid="5" />
                <SequencePoint vc="2" uspid="23" ordinal="5" sl="23" sc="1" el="23" ec="2" bec="0" bev="0" fileid="5" />
                <SequencePoint vc="7" uspid="25" ordinal="6" sl="25" sc="1" el="25" ec="2" bec="2" bev="2" fileid="5" />
                <SequencePoint vc="6" uspid="26" ordinal="7" sl="26" sc="1" el="26" ec="2" bec="0" bev="0" fileid="5" />
                <SequencePoint vc="5" uspid="28" ordinal="8" sl="28" sc="1" el="28" ec="2" bec="0" bev="0" fileid="5" />
                <SequencePoint vc="5" uspid="29" ordinal="9" sl="29" sc="1" el="29" ec="2" bec="0" bev="0" fileid="5" />
                <SequencePoint vc="5" uspid="31" ordinal="10" sl="31" sc="1" el="31" ec="2" bec="0" bev="0" fileid="5" />
                <SequencePoint vc="5" uspid="32" ordinal="11" sl="32" sc="1" el="32" ec="2" bec="0" bev="0" fileid="5" />
                <SequencePoint vc="5" uspid="33" ordinal="12" sl="33" sc="1" el="33" ec="2" bec="0" bev="0" fileid="5" />
              </SequencePoints>
              <BranchPoints>
                <BranchPoint vc="2" uspid="19" ordinal="0" path="0" offset="16" offsetend="18" sl="19" fileid="5" />
                <BranchPoint vc="9" uspid="19" ordinal="1" path="1" offset="16" offsetend="30" sl="19" fileid="5" />
                <BranchPoint vc="8" uspid="22" ordinal="2" path="0" offset="31" offsetend="33" sl="22" fileid="5" />
                <BranchPoint vc="1" uspid="22" ordinal="3" path="1" offset="31" offsetend="44" sl="22" fileid="5" />
                <BranchPoint vc="2" uspid="22" ordinal="4" path="0" offset="47" offsetend="49" sl="22" fileid="5" />
                <BranchPoint vc="7" uspid="22" ordinal="5" path="1" offset="47" offsetend="61" sl="22" fileid="5" />
                <BranchPoint vc="1" uspid="25" ordinal="6" path="0" offset="64" offsetend="66" sl="25" fileid="5" />
                <BranchPoint vc="6" uspid="25" ordinal="7" path="1" offset="64" offsetend="79" sl="25" fileid="5" />
              </BranchPoints>
              <MethodPoint vc="13" uspid="0" p8:type="SequencePoint" ordinal="8" offset="8" sc="0" sl="17" ec="1" el="33" bec="0" bev="0" fileid="5" xmlns:p8="xsi" />
            </Method>
          </Methods>
        </Class>
        <Class>
          <Summary numSequencePoints="51" visitedSequencePoints="50" numBranchPoints="16" visitedBranchPoints="15" sequenceCoverage="98.03" branchCoverage="93.75" maxCyclomaticComplexity="8" minCyclomaticComplexity="1" visitedClasses="1" numClasses="1" visitedMethods="5" numMethods="5" />
          <FullName>ArgumentsLib.MarshalerReflector</FullName>
          <Methods>
            <Method cyclomaticComplexity="1" nPathComplexity="0" sequenceCoverage="100" branchCoverage="100" isConstructor="True" isGetter="False" isSetter="False" isStatic="True">
              <Summary numSequencePoints="3" visitedSequencePoints="3" numBranchPoints="0" visitedBranchPoints="0" sequenceCoverage="100" branchCoverage="100" maxCyclomaticComplexity="1" minCyclomaticComplexity="1" visitedClasses="0" numClasses="0" visitedMethods="1" numMethods="1" />
              <MetadataToken />
              <Name>System.String[] ArgumentsLib.MarshalerReflector::SetFilePaths()</Name>
              <FileRef uid="6" />
              <SequencePoints>
                <SequencePoint vc="11" uspid="38" ordinal="0" sl="38" sc="1" el="38" ec="2" bec="0" bev="0" fileid="6" />
                <SequencePoint vc="11" uspid="39" ordinal="1" sl="39" sc="1" el="39" ec="2" bec="0" bev="0" fileid="6" />
                <SequencePoint vc="11" uspid="40" ordinal="2" sl="40" sc="1" el="40" ec="2" bec="0" bev="0" fileid="6" />
              </SequencePoints>
              <BranchPoints />
              <MethodPoint vc="3" uspid="0" p8:type="SequencePoint" ordinal="0" offset="0" sc="0" sl="38" ec="1" el="40" bec="0" bev="0" fileid="6" xmlns:p8="xsi" />
            </Method>
            <Method cyclomaticComplexity="2" nPathComplexity="0" sequenceCoverage="100" branchCoverage="100" isConstructor="True" isGetter="False" isSetter="False" isStatic="True">
              <Summary numSequencePoints="8" visitedSequencePoints="8" numBranchPoints="2" visitedBranchPoints="2" sequenceCoverage="100" branchCoverage="100" maxCyclomaticComplexity="2" minCyclomaticComplexity="2" visitedClasses="0" numClasses="0" visitedMethods="1" numMethods="1" />
              <MetadataToken />
              <Name>System.Collections.Generic.List`1&lt;System.Reflection.Assembly&gt; ArgumentsLib.MarshalerReflector::LoadAssemblies()</Name>
              <FileRef uid="6" />
              <SequencePoints>
                <SequencePoint vc="10" uspid="43" ordinal="0" sl="43" sc="1" el="43" ec="2" bec="0" bev="0" fileid="6" />
                <SequencePoint vc="10" uspid="44" ordinal="1" sl="44" sc="1" el="44" ec="2" bec="0" bev="0" fileid="6" />
                <SequencePoint vc="90" uspid="46" ordinal="2" sl="46" sc="1" el="46" ec="2" bec="2" bev="2" fileid="6" />
                <SequencePoint vc="30" uspid="47" ordinal="3" sl="47" sc="1" el="47" ec="2" bec="0" bev="0" fileid="6" />
                <SequencePoint vc="30" uspid="48" ordinal="4" sl="48" sc="1" el="48" ec="2" bec="0" bev="0" fileid="6" />
                <SequencePoint vc="30" uspid="49" ordinal="5" sl="49" sc="1" el="49" ec="2" bec="0" bev="0" fileid="6" />
                <SequencePoint vc="10" uspid="51" ordinal="6" sl="51" sc="1" el="51" ec="2" bec="0" bev="0" fileid="6" />
                <SequencePoint vc="10" uspid="52" ordinal="7" sl="52" sc="1" el="52" ec="2" bec="0" bev="0" fileid="6" />
              </SequencePoints>
              <BranchPoints>
                <BranchPoint vc="30" uspid="46" ordinal="1" path="1" offset="46" offsetend="19" sl="46" fileid="6" />
                <BranchPoint vc="10" uspid="46" ordinal="0" path="0" offset="46" offsetend="48" sl="46" fileid="6" />
              </BranchPoints>
              <MethodPoint vc="8" uspid="0" p8:type="SequencePoint" ordinal="1" offset="1" sc="0" sl="43" ec="1" el="52" bec="0" bev="0" fileid="6" xmlns:p8="xsi" />
            </Method>
            <Method cyclomaticComplexity="2" nPathComplexity="0" sequenceCoverage="100" branchCoverage="100" isConstructor="True" isGetter="False" isSetter="False" isStatic="True">
              <Summary numSequencePoints="8" visitedSequencePoints="8" numBranchPoints="2" visitedBranchPoints="2" sequenceCoverage="100" branchCoverage="100" maxCyclomaticComplexity="2" minCyclomaticComplexity="2" visitedClasses="0" numClasses="0" visitedMethods="1" numMethods="1" />
              <MetadataToken />
              <Name>System.Collections.Generic.List`1&lt;System.Type&gt; ArgumentsLib.MarshalerReflector::SetTypes(System.Collections.Generic.List`1&lt;System.Reflection.Assembly&gt;)</Name>
              <FileRef uid="6" />
              <SequencePoints>
                <SequencePoint vc="10" uspid="55" ordinal="0" sl="55" sc="1" el="55" ec="2" bec="0" bev="0" fileid="6" />
                <SequencePoint vc="10" uspid="56" ordinal="1" sl="56" sc="1" el="56" ec="2" bec="0" bev="0" fileid="6" />
                <SequencePoint vc="90" uspid="58" ordinal="2" sl="58" sc="1" el="58" ec="2" bec="2" bev="2" fileid="6" />
                <SequencePoint vc="30" uspid="59" ordinal="3" sl="59" sc="1" el="59" ec="2" bec="0" bev="0" fileid="6" />
                <SequencePoint vc="30" uspid="62" ordinal="4" sl="62" sc="1" el="62" ec="2" bec="0" bev="0" fileid="6" />
                <SequencePoint vc="30" uspid="63" ordinal="5" sl="63" sc="1" el="63" ec="2" bec="0" bev="0" fileid="6" />
                <SequencePoint vc="10" uspid="65" ordinal="6" sl="65" sc="1" el="65" ec="2" bec="0" bev="0" fileid="6" />
                <SequencePoint vc="10" uspid="66" ordinal="7" sl="66" sc="1" el="66" ec="2" bec="0" bev="0" fileid="6" />
              </SequencePoints>
              <BranchPoints>
                <BranchPoint vc="30" uspid="58" ordinal="1" path="1" offset="63" offsetend="17" sl="58" fileid="6" />
                <BranchPoint vc="10" uspid="58" ordinal="0" path="0" offset="63" offsetend="65" sl="58" fileid="6" />
              </BranchPoints>
              <MethodPoint vc="8" uspid="0" p8:type="SequencePoint" ordinal="2" offset="2" sc="0" sl="55" ec="1" el="66" bec="0" bev="0" fileid="6" xmlns:p8="xsi" />
            </Method>
            <Method cyclomaticComplexity="8" nPathComplexity="0" sequenceCoverage="94.44" branchCoverage="87.5" isConstructor="True" isGetter="False" isSetter="False" isStatic="True">
              <Summary numSequencePoints="18" visitedSequencePoints="17" numBranchPoints="8" visitedBranchPoints="7" sequenceCoverage="94.44" branchCoverage="87.5" maxCyclomaticComplexity="8" minCyclomaticComplexity="8" visitedClasses="0" numClasses="0" visitedMethods="1" numMethods="1" />
              <MetadataToken />
              <Name>ArgumentMarshalerLib.ArgumentMarshaler ArgumentsLib.MarshalerReflector::GetInstanceBySchema(System.String)</Name>
              <FileRef uid="6" />
              <SequencePoints>
                <SequencePoint vc="17" uspid="69" ordinal="0" sl="69" sc="1" el="69" ec="2" bec="0" bev="0" fileid="6" />
                <SequencePoint vc="17" uspid="70" ordinal="1" sl="70" sc="1" el="70" ec="2" bec="0" bev="0" fileid="6" />
                <SequencePoint vc="17" uspid="72" ordinal="2" sl="72" sc="1" el="72" ec="2" bec="2" bev="2" fileid="6" />
                <SequencePoint vc="1" uspid="73" ordinal="3" sl="73" sc="1" el="73" ec="2" bec="0" bev="0" fileid="6" />
                <SequencePoint vc="94" uspid="75" ordinal="4" sl="75" sc="1" el="75" ec="2" bec="2" bev="2" fileid="6" />
                <SequencePoint vc="31" uspid="76" ordinal="5" sl="76" sc="1" el="76" ec="2" bec="0" bev="0" fileid="6" />
                <SequencePoint vc="31" uspid="77" ordinal="6" sl="77" sc="1" el="77" ec="2" bec="0" bev="0" fileid="6" />
                <SequencePoint vc="31" uspid="78" ordinal="7" sl="78" sc="1" el="78" ec="2" bec="0" bev="0" fileid="6" />
                <SequencePoint vc="31" uspid="79" ordinal="8" sl="79" sc="1" el="79" ec="2" bec="0" bev="0" fileid="6" />
                <SequencePoint vc="31" uspid="81" ordinal="9" sl="81" sc="1" el="81" ec="2" bec="2" bev="1" fileid="6" />
                <SequencePoint vc="0" uspid="82" ordinal="10" sl="82" sc="1" el="82" ec="2" bec="0" bev="0" fileid="6" />
                <SequencePoint vc="31" uspid="84" ordinal="11" sl="84" sc="1" el="84" ec="2" bec="2" bev="2" fileid="6" />
                <SequencePoint vc="16" uspid="85" ordinal="12" sl="85" sc="1" el="85" ec="2" bec="0" bev="0" fileid="6" />
                <SequencePoint vc="16" uspid="86" ordinal="13" sl="86" sc="1" el="86" ec="2" bec="0" bev="0" fileid="6" />
                <SequencePoint vc="16" uspid="87" ordinal="14" sl="87" sc="1" el="87" ec="2" bec="0" bev="0" fileid="6" />
                <SequencePoint vc="15" uspid="89" ordinal="15" sl="89" sc="1" el="89" ec="2" bec="0" bev="0" fileid="6" />
                <SequencePoint vc="16" uspid="91" ordinal="16" sl="91" sc="1" el="91" ec="2" bec="0" bev="0" fileid="6" />
                <SequencePoint vc="16" uspid="92" ordinal="17" sl="92" sc="1" el="92" ec="2" bec="0" bev="0" fileid="6" />
              </SequencePoints>
              <BranchPoints>
                <BranchPoint vc="1" uspid="72" ordinal="0" path="0" offset="9" offsetend="11" sl="72" fileid="6" />
                <BranchPoint vc="16" uspid="72" ordinal="1" path="1" offset="9" offsetend="23" sl="72" fileid="6" />
                <BranchPoint vc="31" uspid="75" ordinal="7" path="1" offset="134" offsetend="38" sl="75" fileid="6" />
                <BranchPoint vc="0" uspid="81" ordinal="2" path="0" offset="93" offsetend="95" sl="81" fileid="6" />
                <BranchPoint vc="31" uspid="81" ordinal="3" path="1" offset="93" offsetend="107" sl="81" fileid="6" />
                <BranchPoint vc="16" uspid="84" ordinal="4" path="0" offset="119" offsetend="121" sl="84" fileid="6" />
                <BranchPoint vc="15" uspid="84" ordinal="5" path="1" offset="119" offsetend="126" sl="84" fileid="6" />
                <BranchPoint vc="16" uspid="75" ordinal="6" path="0" offset="134" offsetend="136" sl="75" fileid="6" />
              </BranchPoints>
              <MethodPoint vc="17" uspid="0" p8:type="SequencePoint" ordinal="3" offset="3" sc="0" sl="69" ec="1" el="92" bec="0" bev="0" fileid="6" xmlns:p8="xsi" />
            </Method>
            <Method cyclomaticComplexity="4" nPathComplexity="0" sequenceCoverage="100" branchCoverage="100" isConstructor="True" isGetter="False" isSetter="False" isStatic="True">
              <Summary numSequencePoints="14" visitedSequencePoints="14" numBranchPoints="4" visitedBranchPoints="4" sequenceCoverage="100" branchCoverage="100" maxCyclomaticComplexity="4" minCyclomaticComplexity="4" visitedClasses="0" numClasses="0" visitedMethods="1" numMethods="1" />
              <MetadataToken />
              <Name>System.Void ArgumentsLib.MarshalerReflector::.ctor(System.String)</Name>
              <FileRef uid="6" />
              <SequencePoints>
                <SequencePoint vc="14" uspid="18" ordinal="0" sl="18" sc="1" el="18" ec="2" bec="0" bev="0" fileid="6" />
                <SequencePoint vc="14" uspid="19" ordinal="1" sl="19" sc="1" el="19" ec="2" bec="0" bev="0" fileid="6" />
                <SequencePoint vc="14" uspid="20" ordinal="2" sl="20" sc="1" el="20" ec="2" bec="2" bev="2" fileid="6" />
                <SequencePoint vc="3" uspid="21" ordinal="3" sl="21" sc="1" el="21" ec="2" bec="0" bev="0" fileid="6" />
                <SequencePoint vc="11" uspid="23" ordinal="4" sl="23" sc="1" el="23" ec="2" bec="0" bev="0" fileid="6" />
                <SequencePoint vc="11" uspid="25" ordinal="5" sl="25" sc="1" el="25" ec="2" bec="0" bev="0" fileid="6" />
                <SequencePoint vc="11" uspid="26" ordinal="6" sl="26" sc="1" el="26" ec="2" bec="0" bev="0" fileid="6" />
                <SequencePoint vc="11" uspid="28" ordinal="7" sl="28" sc="1" el="28" ec="2" bec="0" bev="0" fileid="6" />
                <SequencePoint vc="11" uspid="29" ordinal="8" sl="29" sc="1" el="29" ec="2" bec="2" bev="2" fileid="6" />
                <SequencePoint vc="1" uspid="30" ordinal="9" sl="30" sc="1" el="30" ec="2" bec="0" bev="0" fileid="6" />
                <SequencePoint vc="10" uspid="32" ordinal="10" sl="32" sc="1" el="32" ec="2" bec="0" bev="0" fileid="6" />
                <SequencePoint vc="10" uspid="33" ordinal="11" sl="33" sc="1" el="33" ec="2" bec="0" bev="0" fileid="6" />
                <SequencePoint vc="10" uspid="34" ordinal="12" sl="34" sc="1" el="34" ec="2" bec="0" bev="0" fileid="6" />
                <SequencePoint vc="10" uspid="35" ordinal="13" sl="35" sc="1" el="35" ec="2" bec="0" bev="0" fileid="6" />
              </SequencePoints>
              <BranchPoints>
                <BranchPoint vc="3" uspid="20" ordinal="0" path="0" offset="19" offsetend="21" sl="20" fileid="6" />
                <BranchPoint vc="11" uspid="20" ordinal="1" path="1" offset="19" offsetend="44" sl="20" fileid="6" />
                <BranchPoint vc="1" uspid="29" ordinal="2" path="0" offset="87" offsetend="89" sl="29" fileid="6" />
                <BranchPoint vc="10" uspid="29" ordinal="3" path="1" offset="87" offsetend="101" sl="29" fileid="6" />
              </BranchPoints>
              <MethodPoint vc="14" uspid="0" p8:type="SequencePoint" ordinal="4" offset="4" sc="0" sl="18" ec="1" el="35" bec="0" bev="0" fileid="6" xmlns:p8="xsi" />
            </Method>
          </Methods>
        </Class>
      </Classes>
    </Module>
  </Modules>
</CoverageSession>